
-default-properties:

-set-timestamp:

-load-ant-contrib:
Trying to override old definition of task timestampselector
Trying to override old definition of task urlencode
Trying to override old definition of task trycatch
Trying to override old definition of task outofdate
Trying to override old definition of task antfetch
Trying to override old definition of task pathtofileset
Trying to override old definition of task switch
Trying to override old definition of task propertyregex
Trying to override old definition of task foreach
Trying to override old definition of task runtarget
Trying to override old definition of task post
Trying to override old definition of task assert
Trying to override old definition of task antcallback
Trying to override old definition of task limit
Trying to override old definition of task relentless
Trying to override old definition of task antclipse
Trying to override old definition of task if
Trying to override old definition of task compilewithwalls
Trying to override old definition of task verifydesign
Trying to override old definition of task propertyselector
Trying to override old definition of task sortlist
Trying to override old definition of task var
Trying to override old definition of task shellscript
Trying to override old definition of task antserver
Trying to override old definition of task osfamily
Trying to override old definition of task remoteant
Trying to override old definition of task forget
Trying to override old definition of task throw
Trying to override old definition of task propertycopy
Trying to override old definition of task inifile
Trying to override old definition of task math
Trying to override old definition of task stopwatch
Trying to override old definition of task for
Trying to override old definition of datatype httpState
Trying to override old definition of datatype httpClient
Trying to override old definition of task getCookie
Trying to override old definition of task addCookie
Trying to override old definition of task clearCookies
Trying to override old definition of task addCredentials
Trying to override old definition of task clearCredentials
Trying to override old definition of task purgeExpiredCookies
Trying to override old definition of task postMethod
Trying to override old definition of task getMethod
Trying to override old definition of task headMethod
Trying to override old definition of task importurl

-set-pdehost:

-set-express-build-properties:

-set-build-properties:

-feature-set:

-release-unit-set:

-release-discover-tagsURL:

-check-svn-props-new:

-check-user-overrides:

-create-overrides:

-switch-jdk-version:

-get-platform:

-set-osx-classpath:

-set-windows-classpath:

-set-bootclasspath:
